<?xml version="1.0" encoding="UTF-8"?>
<!-- Generated by org.testng.reporters.JUnitReportReporter -->
<testsuite hostname="PlayFull" name="test.T1Test" tests="4" failures="0" timestamp="10 May 2015 04:42:42 GMT" time="52.151" errors="0">
  <testcase name="startBrowser" time="14.531" classname="test.T1Test"/>
  <testcase name="startBrowser" time="11.544" classname="test.T1Test"/>
  <testcase name="startBrowser" time="14.516" classname="test.T1Test"/>
  <testcase name="startBrowser" time="11.560" classname="test.T1Test"/>
</testsuite> <!-- test.T1Test -->
