<?xml version="1.0" encoding="UTF-8"?>
<!-- Generated by org.testng.reporters.JUnitReportReporter -->
<testsuite hostname="PlayFull" name="Test1.t1" tests="3" failures="0" timestamp="10 May 2015 01:51:23 GMT" time="35.625" errors="0">
  <testcase name="startBrowser" time="9.113" classname="Test1.t1"/>
  <testcase name="startBrowser" time="13.344" classname="Test1.t1"/>
  <testcase name="startBrowser" time="13.168" classname="Test1.t1"/>
</testsuite> <!-- Test1.t1 -->
